<?xml version="1.0" encoding="UTF-8"?>
<testsuite xmlns:xsi="http://www.w3.org/2001/XMLSchema-instance" xsi:noNamespaceSchemaLocation="https://maven.apache.org/surefire/maven-surefire-plugin/xsd/surefire-test-report-3.0.xsd" version="3.0" name="org.example.controller.CustomerControllerTest" time="0.266" tests="4" errors="0" skipped="0" failures="0">
  <properties>
[...]
</properties>
  <testcase name="testGetCustomerById" classname="org.example.controller.CustomerControllerTest" time="0.009">
    <system-out><![CDATA[
  .   ____          _            __ _ _
 /\\ / ___'_ __ _ _(_)_ __  __ _ \ \ \ \
( ( )\___ | '_ | '_| | '_ \/ _` | \ \ \ \
 \\/  ___)| |_)| | | | | || (_| |  ) ) ) )
  '  |____| .__|_| |_|_| |_\__, | / / / /
 =========|_|==============|___/=/_/_/_/
 :: Spring Boot ::                (v3.2.4)

2024-05-24T10:21:59.120+03:00  INFO 9512 --- [           main] o.e.controller.CustomerControllerTest    : Starting CustomerControllerTest using Java 21 with PID 9512 (started by Praslea in D:\UBB\Semester 4\Systems for Development and Implementation\Backend-Spring Boot\Backend-Spring_Boot)
2024-05-24T10:21:59.121+03:00  INFO 9512 --- [           main] o.e.controller.CustomerControllerTest    : No active profile set, falling back to 1 default profile: "default"
2024-05-24T10:21:59.298+03:00  WARN 9512 --- [           main] .s.s.UserDetailsServiceAutoConfiguration : 

Using generated security password: 9e73dbc0-1b81-43cf-9f53-a6aa5675a9f2

This generated password is for development use only. Your security configuration must be updated before running your application in production.

2024-05-24T10:21:59.304+03:00  INFO 9512 --- [           main] o.s.s.web.DefaultSecurityFilterChain     : Will secure any request with [org.springframework.security.web.session.DisableEncodeUrlFilter@26a32fa5, org.springframework.security.web.context.request.async.WebAsyncManagerIntegrationFilter@57f778e9, org.springframework.security.web.context.SecurityContextHolderFilter@537caf04, org.springframework.security.web.header.HeaderWriterFilter@4891aee2, org.springframework.web.filter.CorsFilter@35067738, org.springframework.security.web.csrf.CsrfFilter@721af8d0, org.springframework.security.web.authentication.logout.LogoutFilter@1e9bbb27, org.springframework.security.web.authentication.UsernamePasswordAuthenticationFilter@74e2de39, org.springframework.security.web.authentication.ui.DefaultLoginPageGeneratingFilter@767c34a0, org.springframework.security.web.authentication.ui.DefaultLogoutPageGeneratingFilter@1a420390, org.springframework.security.web.authentication.www.BasicAuthenticationFilter@37630101, org.springframework.security.web.savedrequest.RequestCacheAwareFilter@768511c3, org.springframework.security.web.servletapi.SecurityContextHolderAwareRequestFilter@33df7a87, org.springframework.security.web.authentication.AnonymousAuthenticationFilter@2523c97a, org.springframework.security.web.access.ExceptionTranslationFilter@1c89afe, org.springframework.security.web.access.intercept.AuthorizationFilter@4116167e]
2024-05-24T10:21:59.317+03:00  INFO 9512 --- [           main] o.s.b.t.m.w.SpringBootMockServletContext : Initializing Spring TestDispatcherServlet ''
2024-05-24T10:21:59.317+03:00  INFO 9512 --- [           main] o.s.t.web.servlet.TestDispatcherServlet  : Initializing Servlet ''
2024-05-24T10:21:59.317+03:00  INFO 9512 --- [           main] o.s.t.web.servlet.TestDispatcherServlet  : Completed initialization in 0 ms
2024-05-24T10:21:59.321+03:00  INFO 9512 --- [           main] o.e.controller.CustomerControllerTest    : Started CustomerControllerTest in 0.217 seconds (process running for 10.546)
]]></system-out>
  </testcase>
  <testcase name="testGetAllCustomers" classname="org.example.controller.CustomerControllerTest" time="0.006"/>
  <testcase name="testUpdateCustomer" classname="org.example.controller.CustomerControllerTest" time="0.01"/>
  <testcase name="testDeleteCustomer" classname="org.example.controller.CustomerControllerTest" time="0.004"/>
</testsuite>