<?xml version="1.0" encoding="UTF-8"?>
<testsuite xmlns:xsi="http://www.w3.org/2001/XMLSchema-instance" xsi:noNamespaceSchemaLocation="https://maven.apache.org/surefire/maven-surefire-plugin/xsd/surefire-test-report-3.0.xsd" version="3.0" name="org.example.backendspring_boot.BackendSpringBootApplicationTests" time="0.821" tests="1" errors="0" skipped="0" failures="0">
  <properties>
[...]
</properties>
  <testcase name="contextLoads" classname="org.example.backendspring_boot.BackendSpringBootApplicationTests" time="0.004">
    <system-out><![CDATA[
  .   ____          _            __ _ _
 /\\ / ___'_ __ _ _(_)_ __  __ _ \ \ \ \
( ( )\___ | '_ | '_| | '_ \/ _` | \ \ \ \
 \\/  ___)| |_)| | | | | || (_| |  ) ) ) )
  '  |____| .__|_| |_|_| |_\__, | / / / /
 =========|_|==============|___/=/_/_/_/
 :: Spring Boot ::                (v3.2.4)

2024-05-24T10:21:57.863+03:00  INFO 9512 --- [           main] o.e.b.BackendSpringBootApplicationTests  : Starting BackendSpringBootApplicationTests using Java 21 with PID 9512 (started by Praslea in D:\UBB\Semester 4\Systems for Development and Implementation\Backend-Spring Boot\Backend-Spring_Boot)
2024-05-24T10:21:57.863+03:00  INFO 9512 --- [           main] o.e.b.BackendSpringBootApplicationTests  : No active profile set, falling back to 1 default profile: "default"
2024-05-24T10:21:58.066+03:00  INFO 9512 --- [           main] .s.d.r.c.RepositoryConfigurationDelegate : Multiple Spring Data modules found, entering strict repository configuration mode
2024-05-24T10:21:58.066+03:00  INFO 9512 --- [           main] .s.d.r.c.RepositoryConfigurationDelegate : Bootstrapping Spring Data JDBC repositories in DEFAULT mode.
2024-05-24T10:21:58.073+03:00  INFO 9512 --- [           main] .RepositoryConfigurationExtensionSupport : Spring Data JDBC - Could not safely identify store assignment for repository candidate interface org.backendspring_boot.backendspring_boot.repository.AntivirusRepositoryJPA; If you want this repository to be a JDBC repository, consider annotating your entities with one of these annotations: org.springframework.data.relational.core.mapping.Table.
2024-05-24T10:21:58.073+03:00  INFO 9512 --- [           main] .RepositoryConfigurationExtensionSupport : Spring Data JDBC - Could not safely identify store assignment for repository candidate interface org.backendspring_boot.backendspring_boot.repository.CustomerRepositoryJPA; If you want this repository to be a JDBC repository, consider annotating your entities with one of these annotations: org.springframework.data.relational.core.mapping.Table.
2024-05-24T10:21:58.073+03:00  INFO 9512 --- [           main] .RepositoryConfigurationExtensionSupport : Spring Data JDBC - Could not safely identify store assignment for repository candidate interface org.backendspring_boot.backendspring_boot.repository.UserRepositoryJPA; If you want this repository to be a JDBC repository, consider annotating your entities with one of these annotations: org.springframework.data.relational.core.mapping.Table.
2024-05-24T10:21:58.073+03:00  INFO 9512 --- [           main] .s.d.r.c.RepositoryConfigurationDelegate : Finished Spring Data repository scanning in 7 ms. Found 0 JDBC repository interfaces.
2024-05-24T10:21:58.076+03:00  INFO 9512 --- [           main] .s.d.r.c.RepositoryConfigurationDelegate : Multiple Spring Data modules found, entering strict repository configuration mode
2024-05-24T10:21:58.077+03:00  INFO 9512 --- [           main] .s.d.r.c.RepositoryConfigurationDelegate : Bootstrapping Spring Data JPA repositories in DEFAULT mode.
2024-05-24T10:21:58.089+03:00  INFO 9512 --- [           main] .s.d.r.c.RepositoryConfigurationDelegate : Finished Spring Data repository scanning in 11 ms. Found 3 JPA repository interfaces.
2024-05-24T10:21:58.133+03:00  WARN 9512 --- [           main] trationDelegate$BeanPostProcessorChecker : Bean 'org.springframework.ws.config.annotation.DelegatingWsConfiguration' of type [org.springframework.ws.config.annotation.DelegatingWsConfiguration$$SpringCGLIB$$0] is not eligible for getting processed by all BeanPostProcessors (for example: not eligible for auto-proxying). The currently created BeanPostProcessor [annotationActionEndpointMapping] is declared through a non-static factory method on that class; consider declaring it as static instead.
2024-05-24T10:21:58.134+03:00  INFO 9512 --- [           main] .w.s.a.s.AnnotationActionEndpointMapping : Supporting [WS-Addressing August 2004, WS-Addressing 1.0]
2024-05-24T10:21:58.187+03:00  INFO 9512 --- [           main] o.hibernate.jpa.internal.util.LogHelper  : HHH000204: Processing PersistenceUnitInfo [name: default]
2024-05-24T10:21:58.191+03:00  INFO 9512 --- [           main] o.h.c.internal.RegionFactoryInitiator    : HHH000026: Second-level cache disabled
2024-05-24T10:21:58.194+03:00  INFO 9512 --- [           main] o.s.o.j.p.SpringPersistenceUnitInfo      : No LoadTimeWeaver setup: ignoring JPA class transformer
2024-05-24T10:21:58.195+03:00  INFO 9512 --- [           main] com.zaxxer.hikari.HikariDataSource       : HikariPool-2 - Starting...
2024-05-24T10:21:58.210+03:00  INFO 9512 --- [           main] com.zaxxer.hikari.pool.HikariPool        : HikariPool-2 - Added connection ConnectionID:11 ClientConnectionId: 96383532-b95f-4a7d-bae4-5c5b8d2746a3
2024-05-24T10:21:58.210+03:00  INFO 9512 --- [           main] com.zaxxer.hikari.HikariDataSource       : HikariPool-2 - Start completed.
2024-05-24T10:21:58.285+03:00  INFO 9512 --- [           main] o.h.e.t.j.p.i.JtaPlatformInitiator       : HHH000489: No JTA platform available (set 'hibernate.transaction.jta.platform' to enable JTA platform integration)
2024-05-24T10:21:58.322+03:00  INFO 9512 --- [           main] j.LocalContainerEntityManagerFactoryBean : Initialized JPA EntityManagerFactory for persistence unit 'default'
Configuring message broker

2024-05-24T10:21:58.475+03:00  WARN 9512 --- [           main] JpaBaseConfiguration$JpaWebConfiguration : spring.jpa.open-in-view is enabled by default. Therefore, database queries may be performed during view rendering. Explicitly configure spring.jpa.open-in-view to disable this warning
2024-05-24T10:21:58.483+03:00  WARN 9512 --- [           main] .s.s.UserDetailsServiceAutoConfiguration : 

Using generated security password: 44db6ffc-f6a5-4fee-b688-7646fcf360b1

This generated password is for development use only. Your security configuration must be updated before running your application in production.

2024-05-24T10:21:58.542+03:00  INFO 9512 --- [           main] o.s.s.web.DefaultSecurityFilterChain     : Will secure any request with [org.springframework.security.web.session.DisableEncodeUrlFilter@10031e49, org.springframework.security.web.context.request.async.WebAsyncManagerIntegrationFilter@1503ef2, org.springframework.security.web.context.SecurityContextHolderFilter@4c5a9ddc, org.springframework.security.web.header.HeaderWriterFilter@4981dd9, org.springframework.web.filter.CorsFilter@39d8d89, org.springframework.security.web.authentication.logout.LogoutFilter@2633d812, org.springframework.security.web.savedrequest.RequestCacheAwareFilter@b61c70e, org.springframework.security.web.servletapi.SecurityContextHolderAwareRequestFilter@7a2daa29, org.springframework.security.web.authentication.AnonymousAuthenticationFilter@645650b1, org.springframework.security.web.access.ExceptionTranslationFilter@7d31918a, org.springframework.security.web.access.intercept.FilterSecurityInterceptor@4aa5a13a]
2024-05-24T10:21:58.610+03:00  WARN 9512 --- [           main] o.s.data.convert.CustomConversions       : Registering converter from class microsoft.sql.DateTimeOffset to class java.time.OffsetDateTime as reading converter although it doesn't convert from a store-supported type; You might want to check your annotation setup at the converter implementation
2024-05-24T10:21:58.644+03:00  INFO 9512 --- [           main] o.s.m.s.b.SimpleBrokerMessageHandler     : Starting...
2024-05-24T10:21:58.644+03:00  INFO 9512 --- [           main] o.s.m.s.b.SimpleBrokerMessageHandler     : BrokerAvailabilityEvent[available=true, SimpleBrokerMessageHandler [org.springframework.messaging.simp.broker.DefaultSubscriptionRegistry@e5a654f]]
2024-05-24T10:21:58.644+03:00  INFO 9512 --- [           main] o.s.m.s.b.SimpleBrokerMessageHandler     : Started.
2024-05-24T10:21:58.646+03:00  INFO 9512 --- [           main] o.e.b.BackendSpringBootApplicationTests  : Started BackendSpringBootApplicationTests in 0.807 seconds (process running for 9.871)
]]></system-out>
  </testcase>
</testsuite>